The record length for this file is 199 characters.  There are 6 keys.
There are currently 1 records in this ISAM file.

Primary key is                
The key is 19 characters long, starting at position 1 within the record,
and is ordered in ascending sequence with duplicates allowed. 
This key may not be modified by WRITE.

1st alternate is KEY2           
The key is 29 characters long, segmented and is ordered in ascending sequence 
with duplicates allowed. 
This key may not be modified by WRITE.
 Segment #1 starts at 185 with length 6.
 Segment #2 starts at 9 with length 8.
 Segment #3 starts at 32 with length 15.

2nd alternate is KEY3           
The key is 11 characters long, starting at position 9 within the record,
and is ordered in ascending sequence with duplicates allowed. 
This key may not be modified by WRITE.

3rd alternate is KEY4           
The key is 23 characters long, segmented and is ordered in ascending sequence 
with duplicates allowed. 
This key may not be modified by WRITE.
 Segment #1 starts at 32 with length 15.
 Segment #2 starts at 9 with length 8.

4th alternate is KEY5           
The key is 25 characters long, segmented and is ordered in ascending sequence 
with duplicates allowed. 
This key may not be modified by WRITE.
 Segment #1 starts at 162 with length 2.
 Segment #2 starts at 9 with length 8.
 Segment #3 starts at 32 with length 15.

5th alternate is KEY6           
The key is 23 characters long, segmented and is ordered in descending sequence 
with duplicates allowed. 
This key may not be modified by WRITE.
 Segment #1 starts at 32 with length 15.
 Segment #2 starts at 1 with length 8.

