The record length for this file is 80 characters.  There are 4 keys.
There are currently 13 records in this ISAM file.

Primary key is NUMBR          
The key is 16 characters long, starting at position 1 within the record,
and is ordered in ascending sequence with no duplicates allowed. 
This key may not be modified by WRITE.

1st alternate is CUST           
The key is 22 characters long, segmented and is ordered in ascending sequence 
with no duplicates allowed. 
This key may not be modified by WRITE.
 Segment #1 starts at 17 with length 6.
 Segment #2 starts at 1 with length 16.

2nd alternate is ALPH           
The key is 41 characters long, segmented and is ordered in ascending sequence 
with no duplicates allowed. 
This key may be modified by WRITE.
 Segment #1 starts at 23 with length 25.
 Segment #2 starts at 1 with length 16.

3rd alternate is DIG4           
The key is 11 characters long, segmented and is ordered in ascending sequence 
with no duplicates allowed. 
This key may not be modified by WRITE.
 Segment #1 starts at 13 with length 4.
 Segment #2 starts at 17 with length 6.
 Segment #3 starts at 48 with length 1.

