977840000  MM_F4          6A11                                                                                      6A11        M                                       06          
977840000  MM_F4          6A10                                                                                      6A10        M                                       07          
977840000  MM_F4          6A09                                                                                      6A09        M                                       08          
977840000  MM_F4          6A08                                                                                      6A08        M                                       09          
977840000  MM_F4          6A07                                                                                      6A07        M                                       10          
977840000  MM_F4          6A06                                                                                      6A06        M                                       11          
977840000  MM_F4          6A05                                                                                      6A05        M                                       12          
977840000  MM_F4          6A04                                                                                      6A04        M                                       13          
977840000  MM_F4          6A03                                                                                      6A03        M                                       14          
977840000  MM_F4          6D17                                                                                      6D17        M                                       15          
977840000  MM_F4          6D16                                                                                      6D16        M                                       16          
977840000  MM_F4          6D15                                                                                      6D15        M                                       17          
977840000  MM_F4          6D14                                                                                      6D14        M                                       18          
977840000  MM_F4          6D13                                                                                      6D13        M                                       19          
977840000  MM_F4          6D12                                                                                      6D12        M                                       20          
977840000  MM_F4          6D11                                                                                      6D11        M                                       21          
977840000  MM_F4          6D10                                                                                      6D10        M                                       22          
977840000  MM_F4          6D09                                                                                      6D09        M                                       23          
977840000  MM_F4          6D08                                                                                      6D08        M                                       24          
977840000  MM_F4          6D07                                                                                      6D07        M                                       25          
977840000  MM_F4          6D06                                                                                      6D06        M                                       26          
977840000  MM_F4          6D05                                                                                      6D05        M                                       27          
